[debug] [2021-11-20T03:54:49.997Z] ----------------------------------------------------------------------
[debug] [2021-11-20T03:54:49.999Z] Command:       /usr/bin/node /usr/local/bin/firebase init
[debug] [2021-11-20T03:54:49.999Z] CLI Version:   9.23.0
[debug] [2021-11-20T03:54:49.999Z] Platform:      linux
[debug] [2021-11-20T03:54:49.999Z] Node Version:  v10.19.0
[debug] [2021-11-20T03:54:50.000Z] Time:          Sat Nov 20 2021 10:54:49 GMT+0700 (Western Indonesia Time)
[debug] [2021-11-20T03:54:50.000Z] ----------------------------------------------------------------------
[debug] 
[debug] [2021-11-20T03:54:50.045Z] > command requires scopes: ["email","openid","https://www.googleapis.com/auth/cloudplatformprojects.readonly","https://www.googleapis.com/auth/firebase","https://www.googleapis.com/auth/cloud-platform"]
[debug] [2021-11-20T03:54:50.045Z] > authorizing via signed-in user (adrianmitraserda@gmail.com)
[info] 
     ######## #### ########  ######## ########     ###     ######  ########
     ##        ##  ##     ## ##       ##     ##  ##   ##  ##       ##
     ######    ##  ########  ######   ########  #########  ######  ######
     ##        ##  ##    ##  ##       ##     ## ##     ##       ## ##
     ##       #### ##     ## ######## ########  ##     ##  ######  ########

You're about to initialize a Firebase project in this directory:

  /home/adrian/Downloads/CovidTracerPoltekAD

Before we get started, keep in mind:

  * You are currently outside your home directory
  * You are initializing within an existing Firebase project directory

[info] 
=== Project Setup
[info] 
[info] First, let's associate this project directory with a Firebase project.
[info] You can create multiple project aliases by running firebase use --add, 
[info] but for now we'll just set up a default project.
[info] 
[info] i  .firebaserc already has a default project, using covidtracerpoltekad. 
[debug] [2021-11-20T03:54:54.012Z] >>> [apiv2][query] GET https://firebase.googleapis.com/v1beta1/projects/covidtracerpoltekad [none]
[debug] [2021-11-20T03:54:54.737Z] <<< [apiv2][status] GET https://firebase.googleapis.com/v1beta1/projects/covidtracerpoltekad 403
[debug] [2021-11-20T03:54:54.737Z] <<< [apiv2][body] GET https://firebase.googleapis.com/v1beta1/projects/covidtracerpoltekad {"error":{"code":403,"message":"The caller does not have permission","status":"PERMISSION_DENIED"}}
[debug] [2021-11-20T03:54:54.738Z] HTTP Error: 403, The caller does not have permission
[debug] [2021-11-20T03:54:54.877Z] FirebaseError: HTTP Error: 403, The caller does not have permission
    at module.exports (/usr/local/lib/node_modules/firebase-tools/lib/responseToError.js:38:12)
    at Client.doRequest (/usr/local/lib/node_modules/firebase-tools/lib/apiv2.js:241:23)
    at process._tickCallback (internal/process/next_tick.js:68:7)
[error] 
[error] Error: Failed to get Firebase project covidtracerpoltekad. Please make sure the project exists and your account has permission to access it.
